<?xml version="1.0" encoding="UTF-8"?>
<beans xmlns="http://www.springframework.org/schema/beans"
       xmlns:xsi="http://www.w3.org/2001/XMLSchema-instance"
       xsi:schemaLocation="http://www.springframework.org/schema/beans
                           http://www.springframework.org/schema/beans/spring-beans.xsd">

    <bean id="jdbcTemplate" class="org.springframework.jdbc.core.JdbcTemplate">
        <property name="dataSource" ref="dataSource"/>
    </bean>

    <bean id="daoMethodInfoFactory" class="com.googlecode.jdbcproc.daofactory.DaoMethodInfoFactory">
        <property name="jdbcTemplate" ref="jdbcTemplate"/>
    </bean>

    <!-- Abstract dao -->
    <bean id="abstractDao" abstract="true"  class="com.googlecode.jdbcproc.daofactory.StoredProcedureDaoFactoryBean">
        <property name="jdbcTemplate" ref="jdbcTemplate"/>
        <property name="daoMethodInfoFactory" ref="daoMethodInfoFactory"/>
    </bean>

    <!-- Company data access -->
    <bean id="companyDao" parent="abstractDao">
        <property name="interface" value="com.googlecode.jdbcproc.daofactory.it.testdao.dao.ICompanyDao"/>
    </bean>

    <!-- Employee data access -->
    <bean id="employeDao" parent="abstractDao">
        <property name="interface" value="com.googlecode.jdbcproc.daofactory.it.testdao.dao.IEmployeDao"/>
    </bean>

</beans>

